DESTINTION CHOICE TRACE @PURP@


 Destination Choice Model Trace 

Selected Interchange for Tracing:       1- 159

 PURPOSE -                   @PURP@  
 Size Term is computed on the Destination 
 SizeTerm = household coefficient                             0 *          ?
 SizeTerm = Other + Office Emp coefficient                    0 *          ?         ?         ?
 SizeTerm = Office Emp coefficient                         0.46 *          ?
 SizeTerm = Other Emp coefficient                          1.68 *          ?         ?         ?         ?
 SizeTerm = Retail Emp coefficient                         0.61 *          ?         ?
 Capped distance (this is a value)                70.00
 Logsum coefficient                                        0.58 *       0.40
 distance coefficient                                     -0.44 *      11.24
 distance square coeffficient                              0.01 *     126.34
 distance cube coefficient                                -0.00 *    1420.03
 distance log coefficient                                  0.71 *       2.42
 Intrazonal constant                                       0.02 *          0
 distance calibration constant (0-1 Mile)                  0.11
 distance calibration constant (1-2 Mile)                  0.17
 distance calibration constant (2-3 Mile)                     0
 distance calibration constant (3-4 Mile)                     0
 distance calibration constant (4-5 Mile)                     0
 distance calibration constant (5-6 Mile)                     0
 distance calibration constant (6-7 Mile)                     0
 Applied  calibration constant                             8.43
 Size Term                                              4576.31
 Ln(Size Term)                                             8.43
 Computed Utility                                          6.89
 Total Productions in Origin                                  0
 Trip Attractions                                             0
 Intrazonal Sum                     0
