DESTINTION CHOICE TRACE @PURP@


 Destination Choice Model Trace 

Selected Interchange for Tracing:       1- 159

 PURPOSE -                   @PURP@  
 Size Term is computed on the Destination 
 SizeTerm = household coefficient                             0 *          ?
 SizeTerm = Other + Office Emp coefficient                    0 *          ?         ?         ?
 SizeTerm = Office Emp coefficient                            0 *          ?
 SizeTerm = Other Emp coefficient                             0 *          ?         ?         ?         ?
 SizeTerm = Retail Emp coefficient                         1.00 *          ?         ?
 Capped distance (this is a value)                40.00
 Logsum coefficient                                        0.44 *          0
 distance coefficient                                     -0.19 *      40.00
 distance square coeffficient                             -0.03 *    1600.00
 distance cube coefficient                                -0.11 *   64000.00
 distance log coefficient                                 -0.90 *       5.70
 Intrazonal constant                                      -1.07 *          0
 distance calibration constant (0-1 Mile)                  0.01
 distance calibration constant (1-2 Mile)                  0.01
 distance calibration constant (2-3 Mile)                     0
 distance calibration constant (3-4 Mile)                     0
 distance calibration constant (4-5 Mile)                     0
 distance calibration constant (5-6 Mile)                     0
 distance calibration constant (6-7 Mile)                     0
 Applied  calibration constant                                0
 Size Term                                                    0
 Ln(Size Term)                                                0
 Computed Utility                                      -7128.49
 Total Productions in Origin                                  0
 Trip Attractions                                             0
 Intrazonal Sum                     0
