DESTINTION CHOICE TRACE @PURP@


 Destination Choice Model Trace 

Selected Interchange for Tracing:       1- 159

 PURPOSE -                   @PURP@  
 Size Term is computed on the Destination 
 SizeTerm = household coefficient                          0.21 *          ?
 SizeTerm = Other + Office Emp coefficient                 0.56 *          ?         ?         ?
 SizeTerm = Office Emp coefficient                            0 *          ?
 SizeTerm = Other Emp coefficient                             0 *          ?         ?         ?         ?
 SizeTerm = Retail Emp coefficient                         1.00 *          ?         ?
 Capped distance (this is a value)                40.00
 Logsum coefficient                                        0.80 *          0
 distance coefficient                                     -0.20 *      40.00
 distance square coeffficient                             -0.04 *    1600.00
 distance cube coefficient                                -0.06 *   64000.00
 distance log coefficient                                 -1.57 *       5.70
 Intrazonal constant                                      -1.01 *          0
 distance calibration constant (0-1 Mile)                     0
 distance calibration constant (1-2 Mile)                     0
 distance calibration constant (2-3 Mile)                     0
 distance calibration constant (3-4 Mile)                     0
 distance calibration constant (4-5 Mile)                     0
 distance calibration constant (5-6 Mile)                     0
 distance calibration constant (6-7 Mile)                     0
 Applied  calibration constant                             3.13
 Size Term                                                22.87
 Ln(Size Term)                                             3.13
 Computed Utility                                      -4082.83
 Total Productions in Origin                                  0
 Trip Attractions                                             0
 Intrazonal Sum                     0
